<?xml version="1.0" encoding="UTF-8"?>
<!-- Generated by org.testng.reporters.JUnitReportReporter -->
<testsuite hostname="TYSS-Nandan-T" failures="0" tests="1" name="TestKUKUFM.TestswipefromLeftorright" time="302.746" errors="0" timestamp="2024-11-28T13:41:43 IST" skipped="0">
  <testcase classname="TestKUKUFM.TestswipefromLeftorright" name="test1" time="302.746"/>
  <system-out/>
</testsuite> <!-- TestKUKUFM.TestswipefromLeftorright -->
