<?xml version="1.0" encoding="UTF-8"?>
<!-- Generated by org.testng.reporters.JUnitReportReporter -->
<testsuite hostname="TYSS-Nandan-T" failures="0" tests="1" name="TestKUKUFM.VerifyGenresInSearch" time="498.150" errors="0" timestamp="2025-01-06T11:54:49 IST" skipped="0">
  <testcase classname="TestKUKUFM.VerifyGenresInSearch" name="genres" time="498.150"/>
  <system-out/>
</testsuite> <!-- TestKUKUFM.VerifyGenresInSearch -->
