<?xml version="1.0" encoding="UTF-8"?>
<!-- Generated by org.testng.reporters.JUnitReportReporter -->
<testsuite hostname="TYSS-Nandan-T" failures="0" tests="1" name="TestKUKUFM.QAMTest" time="73.199" errors="0" timestamp="2024-12-31T14:45:51 IST" skipped="0">
  <testcase classname="TestKUKUFM.QAMTest" name="testQam" time="73.199"/>
  <system-out/>
</testsuite> <!-- TestKUKUFM.QAMTest -->
