<?xml version="1.0" encoding="UTF-8"?>
<!-- Generated by org.testng.reporters.JUnitReportReporter -->
<testsuite hostname="TYSS-Nandan-T" failures="0" tests="2" name="performSwipeactions" time="66.923" errors="0" timestamp="2024-10-22T10:52:23 IST" skipped="0">
  <testcase classname="performSwipeactions" name="testpauseandplay" time="51.362"/>
  <testcase classname="performSwipeactions" name="Openapp" time="15.561"/>
</testsuite> <!-- performSwipeactions -->
