<?xml version="1.0" encoding="UTF-8"?>
<!-- Generated by org.testng.reporters.JUnitReportReporter -->
<testsuite hostname="TYSS-Nandan-T" failures="0" tests="1" name="TestKUKUFM.Verifyswipepercentage" time="20.563" errors="0" timestamp="2024-11-11T16:05:52 IST" skipped="0">
  <testcase classname="TestKUKUFM.Verifyswipepercentage" name="testswipe" time="20.563"/>
  <system-out/>
</testsuite> <!-- TestKUKUFM.Verifyswipepercentage -->
