<?xml version="1.0" encoding="UTF-8"?>
<!-- Generated by org.testng.reporters.JUnitReportReporter -->
<testsuite hostname="TYSS-Nandan-T" failures="0" tests="1" name="TestKUKUFM.QAM2Flow" time="63.613" errors="0" timestamp="2024-12-20T11:30:28 IST" skipped="0">
  <testcase classname="TestKUKUFM.QAM2Flow" name="testQam" time="63.613"/>
  <system-out/>
</testsuite> <!-- TestKUKUFM.QAM2Flow -->
