<?xml version="1.0" encoding="UTF-8"?>
<!-- Generated by org.testng.reporters.JUnitReportReporter -->
<testsuite hostname="TYSS-Nandan-T" failures="0" tests="1" name="HomethumbNail.QAMTest3" time="61.226" errors="0" timestamp="2025-01-03T15:07:40 IST" skipped="0">
  <testcase classname="HomethumbNail.QAMTest3" name="testQam" time="61.226"/>
  <system-out/>
</testsuite> <!-- HomethumbNail.QAMTest3 -->
