<?xml version="1.0" encoding="UTF-8"?>
<!-- Generated by org.testng.reporters.JUnitReportReporter -->
<testsuite hostname="TYSS-Nandan-T" failures="0" tests="1" name="TestKUKUFM.NavigateshowscreenfromNotificationbar" time="61.102" errors="0" timestamp="2024-11-08T18:53:39 IST" skipped="0">
  <testcase classname="TestKUKUFM.NavigateshowscreenfromNotificationbar" name="playfromnotification" time="61.102"/>
  <system-out/>
</testsuite> <!-- TestKUKUFM.NavigateshowscreenfromNotificationbar -->
