<?xml version="1.0" encoding="UTF-8"?>
<!-- Generated by org.testng.reporters.JUnitReportReporter -->
<testsuite hostname="TYSS-Nandan-T" failures="0" tests="1" name="TestKUKUFM.performSwipeactions" time="50.936" errors="0" timestamp="2024-10-22T14:58:35 IST" skipped="0">
  <testcase classname="TestKUKUFM.performSwipeactions" name="testpauseandplay" time="50.936"/>
</testsuite> <!-- TestKUKUFM.performSwipeactions -->
