<?xml version="1.0" encoding="UTF-8"?>
<!-- Generated by org.testng.reporters.JUnitReportReporter -->
<testsuite hostname="TYSS-Nandan-T" failures="0" tests="1" name="TestKUKUFM.Dragtheplay2" time="61.690" errors="0" timestamp="2024-10-23T14:38:02 IST" skipped="0">
  <testcase classname="TestKUKUFM.Dragtheplay2" name="Dragtheplay" time="61.690"/>
</testsuite> <!-- TestKUKUFM.Dragtheplay2 -->
