<?xml version="1.0" encoding="UTF-8"?>
<!-- Generated by org.testng.reporters.JUnitReportReporter -->
<testsuite hostname="TYSS-Nandan-T" failures="0" tests="1" name="OpenKUKUFMapp" time="13.765" errors="0" timestamp="2024-10-21T17:41:18 IST" skipped="0">
  <testcase classname="OpenKUKUFMapp" name="setup" time="13.765"/>
</testsuite> <!-- OpenKUKUFMapp -->
