<?xml version="1.0" encoding="UTF-8"?>
<!-- Generated by org.testng.reporters.JUnitReportReporter -->
<testsuite hostname="TYSS-Nandan-T" failures="0" tests="1" name="TestKUKUFM.Navigatefromnotificationforkukufm" time="90.206" errors="0" timestamp="2024-11-12T13:43:12 IST" skipped="0">
  <testcase classname="TestKUKUFM.Navigatefromnotificationforkukufm" name="testnotification" time="90.206"/>
  <system-out/>
</testsuite> <!-- TestKUKUFM.Navigatefromnotificationforkukufm -->
