<?xml version="1.0" encoding="UTF-8"?>
<!-- Generated by org.testng.reporters.JUnitReportReporter -->
<testsuite hostname="TYSS-Nandan-T" failures="0" tests="1" name="TestKUKUFM.Countthenumberofbannersdisplayed" time="24.963" errors="1" timestamp="2024-10-25T15:35:55 IST" skipped="0">
  <testcase classname="TestKUKUFM.Countthenumberofbannersdisplayed" name="countbanners" time="24.963">
    <error message="The element &#039;By.xpath: //androidx.recyclerview.widget.RecyclerView[@resource-id=&#039;com.vlv.aravali:id/rcvBanners&#039;]/child::android.view.ViewGroup[@resource-id=&#039;com.vlv.aravali:id/parentCl&#039;][2]&#039; does not exist in DOM anymore
For documentation on this error, please visit: https://www.selenium.dev/documentation/webdriver/troubleshooting/errors#stale-element-reference-exception
Build info: version: &#039;4.24.0&#039;, revision: &#039;748ffc9bc3&#039;
System info: os.name: &#039;Windows 11&#039;, os.arch: &#039;amd64&#039;, os.version: &#039;10.0&#039;, java.version: &#039;17.0.4.1&#039;
Driver info: io.appium.java_client.android.AndroidDriver
Command: [551bef73-84f7-451f-97f9-68dde00f0c4b, elementScreenshot {id=00000000-0000-0280-ffff-ffff00000247}]
Capabilities {appium:appActivity: com.vlv.aravali.master.ui.M..., appium:appPackage: com.vlv.aravali, appium:autoGrantPermissions: true, appium:databaseEnabled: false, appium:desired: {appActivity: com.vlv.aravali.master.ui.M..., appPackage: com.vlv.aravali, autoGrantPermissions: true, noReset: true, platformName: ANDROID}, appium:deviceApiLevel: 34, appium:deviceManufacturer: samsung, appium:deviceModel: SM-A135F, appium:deviceName: RZ8TA0PDHLX, appium:deviceScreenDensity: 450, appium:deviceScreenSize: 1080x2408, appium:deviceUDID: RZ8TA0PDHLX, appium:javascriptEnabled: true, appium:locationContextEnabled: false, appium:networkConnectionEnabled: true, appium:noReset: true, appium:pixelRatio: 2.8125, appium:platformVersion: 14, appium:statBarHeight: 70, appium:takesScreenshot: true, appium:viewportRect: {height: 2138, left: 0, top: 70, width: 1080}, appium:warnings: {}, appium:webStorageEnabled: false, platformName: ANDROID}
Element: [[AndroidDriver:  on ANDROID (551bef73-84f7-451f-97f9-68dde00f0c4b)] -&gt; xpath: //androidx.recyclerview.widget.RecyclerView[@resource-id=&#039;com.vlv.aravali:id/rcvBanners&#039;]/child::android.view.ViewGroup[@resource-id=&#039;com.vlv.aravali:id/parentCl&#039;][2]]
Session ID: 551bef73-84f7-451f-97f9-68dde00f0c4b" type="org.openqa.selenium.StaleElementReferenceException">
      <![CDATA[org.openqa.selenium.StaleElementReferenceException: The element 'By.xpath: //androidx.recyclerview.widget.RecyclerView[@resource-id='com.vlv.aravali:id/rcvBanners']/child::android.view.ViewGroup[@resource-id='com.vlv.aravali:id/parentCl'][2]' does not exist in DOM anymore
For documentation on this error, please visit: https://www.selenium.dev/documentation/webdriver/troubleshooting/errors#stale-element-reference-exception
Build info: version: '4.24.0', revision: '748ffc9bc3'
System info: os.name: 'Windows 11', os.arch: 'amd64', os.version: '10.0', java.version: '17.0.4.1'
Driver info: io.appium.java_client.android.AndroidDriver
Command: [551bef73-84f7-451f-97f9-68dde00f0c4b, elementScreenshot {id=00000000-0000-0280-ffff-ffff00000247}]
Capabilities {appium:appActivity: com.vlv.aravali.master.ui.M..., appium:appPackage: com.vlv.aravali, appium:autoGrantPermissions: true, appium:databaseEnabled: false, appium:desired: {appActivity: com.vlv.aravali.master.ui.M..., appPackage: com.vlv.aravali, autoGrantPermissions: true, noReset: true, platformName: ANDROID}, appium:deviceApiLevel: 34, appium:deviceManufacturer: samsung, appium:deviceModel: SM-A135F, appium:deviceName: RZ8TA0PDHLX, appium:deviceScreenDensity: 450, appium:deviceScreenSize: 1080x2408, appium:deviceUDID: RZ8TA0PDHLX, appium:javascriptEnabled: true, appium:locationContextEnabled: false, appium:networkConnectionEnabled: true, appium:noReset: true, appium:pixelRatio: 2.8125, appium:platformVersion: 14, appium:statBarHeight: 70, appium:takesScreenshot: true, appium:viewportRect: {height: 2138, left: 0, top: 70, width: 1080}, appium:warnings: {}, appium:webStorageEnabled: false, platformName: ANDROID}
Element: [[AndroidDriver:  on ANDROID (551bef73-84f7-451f-97f9-68dde00f0c4b)] -> xpath: //androidx.recyclerview.widget.RecyclerView[@resource-id='com.vlv.aravali:id/rcvBanners']/child::android.view.ViewGroup[@resource-id='com.vlv.aravali:id/parentCl'][2]]
Session ID: 551bef73-84f7-451f-97f9-68dde00f0c4b
at java.base/jdk.internal.reflect.NativeConstructorAccessorImpl.newInstance0(Native Method)
at java.base/jdk.internal.reflect.NativeConstructorAccessorImpl.newInstance(NativeConstructorAccessorImpl.java:77)
at java.base/jdk.internal.reflect.DelegatingConstructorAccessorImpl.newInstance(DelegatingConstructorAccessorImpl.java:45)
at java.base/java.lang.reflect.Constructor.newInstanceWithCaller(Constructor.java:499)
at java.base/java.lang.reflect.Constructor.newInstance(Constructor.java:480)
at org.openqa.selenium.remote.ErrorCodec.decode(ErrorCodec.java:167)
at org.openqa.selenium.remote.codec.w3c.W3CHttpResponseCodec.decode(W3CHttpResponseCodec.java:138)
at org.openqa.selenium.remote.codec.w3c.W3CHttpResponseCodec.decode(W3CHttpResponseCodec.java:50)
at org.openqa.selenium.remote.HttpCommandExecutor.execute(HttpCommandExecutor.java:190)
at io.appium.java_client.remote.AppiumCommandExecutor.execute(AppiumCommandExecutor.java:237)
at org.openqa.selenium.remote.RemoteWebDriver.execute(RemoteWebDriver.java:545)
at org.openqa.selenium.remote.RemoteWebElement.execute(RemoteWebElement.java:223)
at org.openqa.selenium.remote.RemoteWebElement.getScreenshotAs(RemoteWebElement.java:360)
at TestKUKUFM.Capturescreenshotofimages.getscreenshot(Capturescreenshotofimages.java:19)
at TestKUKUFM.Countthenumberofbannersdisplayed.countbanners(Countthenumberofbannersdisplayed.java:25)
at java.base/jdk.internal.reflect.NativeMethodAccessorImpl.invoke0(Native Method)
at java.base/jdk.internal.reflect.NativeMethodAccessorImpl.invoke(NativeMethodAccessorImpl.java:77)
at java.base/jdk.internal.reflect.DelegatingMethodAccessorImpl.invoke(DelegatingMethodAccessorImpl.java:43)
at java.base/java.lang.reflect.Method.invoke(Method.java:568)
at org.testng.internal.invokers.MethodInvocationHelper.invokeMethod(MethodInvocationHelper.java:141)
at org.testng.internal.invokers.TestInvoker.invokeMethod(TestInvoker.java:686)
at org.testng.internal.invokers.TestInvoker.invokeTestMethod(TestInvoker.java:230)
at org.testng.internal.invokers.MethodRunner.runInSequence(MethodRunner.java:63)
at org.testng.internal.invokers.TestInvoker$MethodInvocationAgent.invoke(TestInvoker.java:992)
at org.testng.internal.invokers.TestInvoker.invokeTestMethods(TestInvoker.java:203)
at org.testng.internal.invokers.TestMethodWorker.invokeTestMethods(TestMethodWorker.java:154)
at org.testng.internal.invokers.TestMethodWorker.run(TestMethodWorker.java:134)
at java.base/java.util.ArrayList.forEach(ArrayList.java:1511)
at org.testng.TestRunner.privateRun(TestRunner.java:739)
at org.testng.TestRunner.run(TestRunner.java:614)
at org.testng.SuiteRunner.runTest(SuiteRunner.java:421)
at org.testng.SuiteRunner.runSequentially(SuiteRunner.java:413)
at org.testng.SuiteRunner.privateRun(SuiteRunner.java:373)
at org.testng.SuiteRunner.run(SuiteRunner.java:312)
at org.testng.SuiteRunnerWorker.runSuite(SuiteRunnerWorker.java:52)
at org.testng.SuiteRunnerWorker.run(SuiteRunnerWorker.java:95)
at org.testng.TestNG.runSuitesSequentially(TestNG.java:1274)
at org.testng.TestNG.runSuitesLocally(TestNG.java:1208)
at org.testng.TestNG.runSuites(TestNG.java:1112)
at org.testng.TestNG.run(TestNG.java:1079)
at org.testng.remote.AbstractRemoteTestNG.run(AbstractRemoteTestNG.java:115)
at org.testng.remote.RemoteTestNG.initAndRun(RemoteTestNG.java:293)
at org.testng.remote.RemoteTestNG.main(RemoteTestNG.java:91)
]]>
    </error>
  </testcase> <!-- countbanners -->
</testsuite> <!-- TestKUKUFM.Countthenumberofbannersdisplayed -->
