<?xml version="1.0" encoding="UTF-8"?>
<!-- Generated by org.testng.reporters.JUnitReportReporter -->
<testsuite hostname="TYSS-Nandan-T" failures="0" tests="1" name="Pauseonreelsscreen" time="54.175" errors="0" timestamp="2024-10-21T19:21:23 IST" skipped="0">
  <testcase classname="Pauseonreelsscreen" name="testpauseandplay" time="54.175"/>
</testsuite> <!-- Pauseonreelsscreen -->
