<?xml version="1.0" encoding="UTF-8"?>
<!-- Generated by org.testng.reporters.JUnitReportReporter -->
<testsuite hostname="TYSS-Nandan-T" failures="0" tests="1" name="TestKUKUFM.Arrayliost" time="0.009" errors="0" timestamp="2024-11-11T14:55:37 IST" skipped="0">
  <testcase classname="TestKUKUFM.Arrayliost" name="test" time="0.009"/>
  <system-out/>
</testsuite> <!-- TestKUKUFM.Arrayliost -->
