<?xml version="1.0" encoding="UTF-8"?>
<!-- Generated by org.testng.reporters.JUnitReportReporter -->
<testsuite hostname="TYSS-Nandan-T" failures="0" tests="1" name="TestKUKUFM.Dragtheplay" time="70.782" errors="0" timestamp="2024-10-22T19:07:19 IST" skipped="0">
  <testcase classname="TestKUKUFM.Dragtheplay" name="Dragtheplay" time="70.782"/>
</testsuite> <!-- TestKUKUFM.Dragtheplay -->
